<?xml version="1.0" encoding="UTF-8"?>
<testsuites>
	<testsuite tests="0" failures="0" time="0.000000" name="github.com/mattermost/mattermost-plugin-msteams-devsecops/assets" timestamp="2025-04-19T21:54:48-04:00">
		<properties>
			<property name="go.version" value="go1.24.1 linux/amd64"></property>
		</properties>
	</testsuite>
	<testsuite tests="0" failures="0" time="0.000000" name="github.com/mattermost/mattermost-plugin-msteams-devsecops/build/manifest" timestamp="2025-04-19T21:54:48-04:00">
		<properties>
			<property name="go.version" value="go1.24.1 linux/amd64"></property>
		</properties>
	</testsuite>
	<testsuite tests="18" failures="0" time="0.000000" name="github.com/mattermost/mattermost-plugin-msteams-devsecops/build/pluginctl" timestamp="2025-04-19T21:54:48-04:00">
		<properties>
			<property name="go.version" value="go1.24.1 linux/amd64"></property>
		</properties>
		<testcase classname="github.com/mattermost/mattermost-plugin-msteams-devsecops/build/pluginctl" name="TestCheckOldestEntry/empty_logs" time="0.000000"></testcase>
		<testcase classname="github.com/mattermost/mattermost-plugin-msteams-devsecops/build/pluginctl" name="TestCheckOldestEntry/no_new_entries,_multipile_old_entries" time="0.000000"></testcase>
		<testcase classname="github.com/mattermost/mattermost-plugin-msteams-devsecops/build/pluginctl" name="TestCheckOldestEntry/one_new_entry,_no_old_entry" time="0.000000"></testcase>
		<testcase classname="github.com/mattermost/mattermost-plugin-msteams-devsecops/build/pluginctl" name="TestCheckOldestEntry/one_new_entry,_one_old_entry" time="0.000000"></testcase>
		<testcase classname="github.com/mattermost/mattermost-plugin-msteams-devsecops/build/pluginctl" name="TestCheckOldestEntry/one_new_entry,_multipile_old_entries" time="0.000000"></testcase>
		<testcase classname="github.com/mattermost/mattermost-plugin-msteams-devsecops/build/pluginctl" name="TestCheckOldestEntry/nil_logs" time="0.000000"></testcase>
		<testcase classname="github.com/mattermost/mattermost-plugin-msteams-devsecops/build/pluginctl" name="TestCheckOldestEntry/no_new_entries,_one_old_entry" time="0.000000"></testcase>
		<testcase classname="github.com/mattermost/mattermost-plugin-msteams-devsecops/build/pluginctl" name="TestCheckOldestEntry/multipile_new_entries,_no_old_entry" time="0.000000"></testcase>
		<testcase classname="github.com/mattermost/mattermost-plugin-msteams-devsecops/build/pluginctl" name="TestCheckOldestEntry/multipile_new_entries,_ultipile_old_entries" time="0.000000"></testcase>
		<testcase classname="github.com/mattermost/mattermost-plugin-msteams-devsecops/build/pluginctl" name="TestCheckOldestEntry" time="0.000000"></testcase>
		<testcase classname="github.com/mattermost/mattermost-plugin-msteams-devsecops/build/pluginctl" name="TestFilterLogEntries/filter_out_non_plugin_entries" time="0.000000"></testcase>
		<testcase classname="github.com/mattermost/mattermost-plugin-msteams-devsecops/build/pluginctl" name="TestFilterLogEntries/filter_out_old_entries" time="0.000000"></testcase>
		<testcase classname="github.com/mattermost/mattermost-plugin-msteams-devsecops/build/pluginctl" name="TestFilterLogEntries/nil_slice" time="0.000000"></testcase>
		<testcase classname="github.com/mattermost/mattermost-plugin-msteams-devsecops/build/pluginctl" name="TestFilterLogEntries/empty_slice" time="0.000000"></testcase>
		<testcase classname="github.com/mattermost/mattermost-plugin-msteams-devsecops/build/pluginctl" name="TestFilterLogEntries/no_JSON" time="0.000000"></testcase>
		<testcase classname="github.com/mattermost/mattermost-plugin-msteams-devsecops/build/pluginctl" name="TestFilterLogEntries/unknown_time_format" time="0.000000"></testcase>
		<testcase classname="github.com/mattermost/mattermost-plugin-msteams-devsecops/build/pluginctl" name="TestFilterLogEntries/one_matching_entry" time="0.000000"></testcase>
		<testcase classname="github.com/mattermost/mattermost-plugin-msteams-devsecops/build/pluginctl" name="TestFilterLogEntries" time="0.000000"></testcase>
	</testsuite>
	<testsuite tests="0" failures="0" time="0.000000" name="github.com/mattermost/mattermost-plugin-msteams-devsecops/dist/com.mattermost.plugin-msteams-devsecops/assets" timestamp="2025-04-19T21:54:48-04:00">
		<properties>
			<property name="go.version" value="go1.24.1 linux/amd64"></property>
		</properties>
	</testsuite>
	<testsuite tests="0" failures="0" time="0.000000" name="github.com/mattermost/mattermost-plugin-msteams-devsecops/server" timestamp="2025-04-19T21:54:48-04:00">
		<properties>
			<property name="go.version" value="go1.24.1 linux/amd64"></property>
		</properties>
	</testsuite>
	<testsuite tests="10" failures="0" time="0.000000" name="github.com/mattermost/mattermost-plugin-msteams-devsecops/server/msteams" timestamp="2025-04-19T21:54:48-04:00">
		<properties>
			<property name="go.version" value="go1.24.1 linux/amd64"></property>
		</properties>
		<testcase classname="github.com/mattermost/mattermost-plugin-msteams-devsecops/server/msteams" name="TestConvertToMessage/ConvertToMessage:_With_data_filled" time="0.000000"></testcase>
		<testcase classname="github.com/mattermost/mattermost-plugin-msteams-devsecops/server/msteams" name="TestConvertToMessage/ConvertToMessage:_With_no_data_filled" time="0.000000"></testcase>
		<testcase classname="github.com/mattermost/mattermost-plugin-msteams-devsecops/server/msteams" name="TestConvertToMessage" time="0.000000"></testcase>
		<testcase classname="github.com/mattermost/mattermost-plugin-msteams-devsecops/server/msteams" name="TestGetResourceIds/GetResourceIds:_With_prefix_chats(" time="0.000000"></testcase>
		<testcase classname="github.com/mattermost/mattermost-plugin-msteams-devsecops/server/msteams" name="TestGetResourceIds/GetResourceIds:_Without_prefix_chats(" time="0.000000"></testcase>
		<testcase classname="github.com/mattermost/mattermost-plugin-msteams-devsecops/server/msteams" name="TestGetResourceIds/GetResourceIds:_Resource_with_multiple_&#39;/&#39;" time="0.000000"></testcase>
		<testcase classname="github.com/mattermost/mattermost-plugin-msteams-devsecops/server/msteams" name="TestGetResourceIds/GetResourceIds:_Empty_resource" time="0.000000"></testcase>
		<testcase classname="github.com/mattermost/mattermost-plugin-msteams-devsecops/server/msteams" name="TestGetResourceIds/GetResourceIds:_Resource_with_small_length" time="0.000000"></testcase>
		<testcase classname="github.com/mattermost/mattermost-plugin-msteams-devsecops/server/msteams" name="TestGetResourceIds/GetResourceIds:_Resource_with_large_length" time="0.000000"></testcase>
		<testcase classname="github.com/mattermost/mattermost-plugin-msteams-devsecops/server/msteams" name="TestGetResourceIds" time="0.000000"></testcase>
	</testsuite>
	<testsuite tests="0" failures="0" time="0.000000" name="github.com/mattermost/mattermost-plugin-msteams-devsecops/server/msteams/clientmodels" timestamp="2025-04-19T21:54:48-04:00">
		<properties>
			<property name="go.version" value="go1.24.1 linux/amd64"></property>
		</properties>
	</testsuite>
	<testsuite tests="0" failures="0" time="0.000000" name="github.com/mattermost/mattermost-plugin-msteams-devsecops/server/msteams/mocks" timestamp="2025-04-19T21:54:48-04:00">
		<properties>
			<property name="go.version" value="go1.24.1 linux/amd64"></property>
		</properties>
	</testsuite>
	<testsuite tests="0" failures="0" time="0.000000" name="github.com/mattermost/mattermost-plugin-msteams-devsecops/server/store/pluginstore" timestamp="2025-04-19T21:54:48-04:00">
		<properties>
			<property name="go.version" value="go1.24.1 linux/amd64"></property>
		</properties>
	</testsuite>
</testsuites>